2025-02-18 12:08:36.688 +01:00 [INF] User profile is available. Using 'C:\Users\nelo07\AppData\Local\ASP.NET\DataProtection-Keys' as key repository and Windows DPAPI to encrypt keys at rest.
2025-02-18 12:08:36.827 +01:00 [INF] Now listening on: http://localhost:5013
2025-02-18 12:08:36.830 +01:00 [INF] Application started. Press Ctrl+C to shut down.
2025-02-18 12:08:36.830 +01:00 [INF] Hosting environment: Development
2025-02-18 12:08:36.830 +01:00 [INF] Content root path: C:\Users\nelo07\source\repos\Modul295-Backend\Modul295PraxisArbeit
2025-02-18 12:08:48.612 +01:00 [INF] Application is shutting down...
2025-02-18 12:59:52.617 +01:00 [INF] User profile is available. Using 'C:\Users\nelo07\AppData\Local\ASP.NET\DataProtection-Keys' as key repository and Windows DPAPI to encrypt keys at rest.
2025-02-18 12:59:52.633 +01:00 [INF] Running Unit Tests...
2025-02-18 12:59:52.638 +01:00 [INF] Unit Tests Started...
2025-02-18 12:59:55.555 +01:00 [INF] Unit Tests Completed Successfully.
2025-02-18 12:59:55.657 +01:00 [INF] Now listening on: http://localhost:5013
2025-02-18 12:59:55.657 +01:00 [INF] Application started. Press Ctrl+C to shut down.
2025-02-18 12:59:55.657 +01:00 [INF] Hosting environment: Development
2025-02-18 12:59:55.657 +01:00 [INF] Content root path: C:\Users\nelo07\source\repos\Modul295-Backend\Modul295PraxisArbeit
2025-02-18 13:00:55.563 +01:00 [INF] Running Unit Tests...
2025-02-18 13:00:55.568 +01:00 [INF] Unit Tests Started...
2025-02-18 13:00:57.923 +01:00 [INF] Unit Tests Completed Successfully.
2025-02-18 13:01:15.884 +01:00 [INF] Application is shutting down...
2025-02-18 13:03:15.149 +01:00 [INF] User profile is available. Using 'C:\Users\nelo07\AppData\Local\ASP.NET\DataProtection-Keys' as key repository and Windows DPAPI to encrypt keys at rest.
2025-02-18 13:03:15.180 +01:00 [INF] Running Unit Tests...
2025-02-18 13:03:15.189 +01:00 [INF] Unit Tests Started...
2025-02-18 13:03:17.897 +01:00 [INF] Unit Tests Completed Successfully.
2025-02-18 13:03:17.945 +01:00 [INF] Now listening on: http://localhost:5013
2025-02-18 13:03:17.948 +01:00 [INF] Application started. Press Ctrl+C to shut down.
2025-02-18 13:03:17.949 +01:00 [INF] Hosting environment: Development
2025-02-18 13:03:17.949 +01:00 [INF] Content root path: C:\Users\nelo07\source\repos\Modul295-Backend\Modul295PraxisArbeit
2025-02-18 13:04:17.910 +01:00 [INF] Running Unit Tests...
2025-02-18 13:04:17.917 +01:00 [INF] Unit Tests Started...
2025-02-18 13:04:20.151 +01:00 [INF] Unit Tests Completed Successfully.
2025-02-18 13:04:27.178 +01:00 [INF] Application is shutting down...
2025-02-18 13:14:19.243 +01:00 [INF] User profile is available. Using 'C:\Users\nelo07\AppData\Local\ASP.NET\DataProtection-Keys' as key repository and Windows DPAPI to encrypt keys at rest.
2025-02-18 13:14:19.283 +01:00 [INF] Running Unit Tests...
2025-02-18 13:14:19.295 +01:00 [INF] Unit Tests Started...
2025-02-18 13:14:23.349 +01:00 [INF] Unit Tests Completed Successfully.
2025-02-18 13:14:23.411 +01:00 [INF] Now listening on: http://localhost:5013
2025-02-18 13:14:23.412 +01:00 [INF] Application started. Press Ctrl+C to shut down.
2025-02-18 13:14:23.413 +01:00 [INF] Hosting environment: Development
2025-02-18 13:14:23.414 +01:00 [INF] Content root path: C:\Users\nelo07\source\repos\Modul295-Backend\Modul295PraxisArbeit
2025-02-18 13:14:25.411 +01:00 [INF] Application is shutting down...
